<?xml version="1.0" encoding="UTF-8"?>
<!-- Generated by org.testng.reporters.JUnitReportReporter -->
<testsuite hostname="DESKTOP-4BB1CT5" name="Academy.FrameworkPractice.UITestCases" tests="1" failures="0" timestamp="13 Feb 2021 17:31:50 GMT" time="9.508" errors="0">
  <testcase name="PageNavigation" time="9.508" classname="Academy.FrameworkPractice.UITestCases"/>
</testsuite> <!-- Academy.FrameworkPractice.UITestCases -->
