<?xml version="1.0" encoding="UTF-8"?>
<testsuite xmlns:xsi="http://www.w3.org/2001/XMLSchema-instance" xsi:noNamespaceSchemaLocation="https://maven.apache.org/surefire/maven-surefire-plugin/xsd/surefire-test-report-3.0.xsd" version="3.0" name="TestSuite" time="129.012" tests="3" errors="0" skipped="0" failures="2">
  <properties>
    <property name="sun.desktop" value="windows"/>
    <property name="awt.toolkit" value="sun.awt.windows.WToolkit"/>
    <property name="file.encoding.pkg" value="sun.io"/>
    <property name="java.specification.version" value="1.8"/>
    <property name="webdriver.chrome.driver" value="C:\Users\nalini\workspace\FrameworkPractice\src\main\java\resources\chromedriver.exe"/>
    <property name="sun.cpu.isalist" value="amd64"/>
    <property name="sun.jnu.encoding" value="Cp1252"/>
    <property name="java.class.path" value="C:\Users\nalini\workspace\FrameworkPractice\target\test-classes;C:\Users\nalini\workspace\FrameworkPractice\target\classes;C:\Users\nalini\.m2\repository\org\seleniumhq\selenium\selenium-java\4.0.0-alpha-7\selenium-java-4.0.0-alpha-7.jar;C:\Users\nalini\.m2\repository\org\seleniumhq\selenium\selenium-api\4.0.0-alpha-7\selenium-api-4.0.0-alpha-7.jar;C:\Users\nalini\.m2\repository\org\seleniumhq\selenium\selenium-chrome-driver\4.0.0-alpha-7\selenium-chrome-driver-4.0.0-alpha-7.jar;C:\Users\nalini\.m2\repository\com\google\auto\service\auto-service-annotations\1.0-rc7\auto-service-annotations-1.0-rc7.jar;C:\Users\nalini\.m2\repository\com\google\auto\service\auto-service\1.0-rc7\auto-service-1.0-rc7.jar;C:\Users\nalini\.m2\repository\com\google\auto\auto-common\0.10\auto-common-0.10.jar;C:\Users\nalini\.m2\repository\com\google\guava\guava\30.0-jre\guava-30.0-jre.jar;C:\Users\nalini\.m2\repository\com\google\guava\failureaccess\1.0.1\failureaccess-1.0.1.jar;C:\Users\nalini\.m2\repository\com\google\guava\listenablefuture\9999.0-empty-to-avoid-conflict-with-guava\listenablefuture-9999.0-empty-to-avoid-conflict-with-guava.jar;C:\Users\nalini\.m2\repository\com\google\code\findbugs\jsr305\3.0.2\jsr305-3.0.2.jar;C:\Users\nalini\.m2\repository\org\checkerframework\checker-qual\3.5.0\checker-qual-3.5.0.jar;C:\Users\nalini\.m2\repository\com\google\errorprone\error_prone_annotations\2.3.4\error_prone_annotations-2.3.4.jar;C:\Users\nalini\.m2\repository\com\google\j2objc\j2objc-annotations\1.3\j2objc-annotations-1.3.jar;C:\Users\nalini\.m2\repository\org\seleniumhq\selenium\selenium-chromium-driver\4.0.0-alpha-7\selenium-chromium-driver-4.0.0-alpha-7.jar;C:\Users\nalini\.m2\repository\org\seleniumhq\selenium\selenium-devtools\4.0.0-alpha-7\selenium-devtools-4.0.0-alpha-7.jar;C:\Users\nalini\.m2\repository\org\seleniumhq\selenium\selenium-http\4.0.0-alpha-7\selenium-http-4.0.0-alpha-7.jar;C:\Users\nalini\.m2\repository\org\seleniumhq\selenium\selenium-json\4.0.0-alpha-7\selenium-json-4.0.0-alpha-7.jar;C:\Users\nalini\.m2\repository\org\seleniumhq\selenium\selenium-devtools-v84\4.0.0-alpha-7\selenium-devtools-v84-4.0.0-alpha-7.jar;C:\Users\nalini\.m2\repository\org\seleniumhq\selenium\selenium-devtools-v85\4.0.0-alpha-7\selenium-devtools-v85-4.0.0-alpha-7.jar;C:\Users\nalini\.m2\repository\org\seleniumhq\selenium\selenium-devtools-v86\4.0.0-alpha-7\selenium-devtools-v86-4.0.0-alpha-7.jar;C:\Users\nalini\.m2\repository\org\seleniumhq\selenium\selenium-devtools-v87\4.0.0-alpha-7\selenium-devtools-v87-4.0.0-alpha-7.jar;C:\Users\nalini\.m2\repository\org\seleniumhq\selenium\selenium-edge-driver\4.0.0-alpha-7\selenium-edge-driver-4.0.0-alpha-7.jar;C:\Users\nalini\.m2\repository\org\seleniumhq\selenium\selenium-edgehtml-driver\4.0.0-alpha-7\selenium-edgehtml-driver-4.0.0-alpha-7.jar;C:\Users\nalini\.m2\repository\org\seleniumhq\selenium\selenium-firefox-driver\4.0.0-alpha-7\selenium-firefox-driver-4.0.0-alpha-7.jar;C:\Users\nalini\.m2\repository\org\seleniumhq\selenium\selenium-firefox-xpi-driver\4.0.0-alpha-7\selenium-firefox-xpi-driver-4.0.0-alpha-7.jar;C:\Users\nalini\.m2\repository\org\seleniumhq\selenium\selenium-ie-driver\4.0.0-alpha-7\selenium-ie-driver-4.0.0-alpha-7.jar;C:\Users\nalini\.m2\repository\org\seleniumhq\selenium\selenium-opera-driver\4.0.0-alpha-7\selenium-opera-driver-4.0.0-alpha-7.jar;C:\Users\nalini\.m2\repository\org\seleniumhq\selenium\selenium-remote-driver\4.0.0-alpha-7\selenium-remote-driver-4.0.0-alpha-7.jar;C:\Users\nalini\.m2\repository\com\typesafe\netty\netty-reactive-streams\2.0.4\netty-reactive-streams-2.0.4.jar;C:\Users\nalini\.m2\repository\io\netty\netty-handler\4.1.43.Final\netty-handler-4.1.43.Final.jar;C:\Users\nalini\.m2\repository\org\reactivestreams\reactive-streams\1.0.3\reactive-streams-1.0.3.jar;C:\Users\nalini\.m2\repository\io\grpc\grpc-context\1.32.1\grpc-context-1.32.1.jar;C:\Users\nalini\.m2\repository\io\netty\netty-buffer\4.1.53.Final\netty-buffer-4.1.53.Final.jar;C:\Users\nalini\.m2\repository\io\netty\netty-codec-http\4.1.53.Final\netty-codec-http-4.1.53.Final.jar;C:\Users\nalini\.m2\repository\io\netty\netty-codec\4.1.53.Final\netty-codec-4.1.53.Final.jar;C:\Users\nalini\.m2\repository\io\netty\netty-common\4.1.53.Final\netty-common-4.1.53.Final.jar;C:\Users\nalini\.m2\repository\io\netty\netty-transport-native-epoll\4.1.53.Final\netty-transport-native-epoll-4.1.53.Final.jar;C:\Users\nalini\.m2\repository\io\netty\netty-transport-native-epoll\4.1.53.Final\netty-transport-native-epoll-4.1.53.Final-linux-x86_64.jar;C:\Users\nalini\.m2\repository\io\netty\netty-transport-native-kqueue\4.1.53.Final\netty-transport-native-kqueue-4.1.53.Final.jar;C:\Users\nalini\.m2\repository\io\netty\netty-transport-native-kqueue\4.1.53.Final\netty-transport-native-kqueue-4.1.53.Final-osx-x86_64.jar;C:\Users\nalini\.m2\repository\io\netty\netty-transport-native-unix-common\4.1.53.Final\netty-transport-native-unix-common-4.1.53.Final.jar;C:\Users\nalini\.m2\repository\io\netty\netty-transport\4.1.53.Final\netty-transport-4.1.53.Final.jar;C:\Users\nalini\.m2\repository\io\netty\netty-resolver\4.1.53.Final\netty-resolver-4.1.53.Final.jar;C:\Users\nalini\.m2\repository\io\opentelemetry\opentelemetry-api\0.9.1\opentelemetry-api-0.9.1.jar;C:\Users\nalini\.m2\repository\io\opentelemetry\opentelemetry-context-prop\0.9.1\opentelemetry-context-prop-0.9.1.jar;C:\Users\nalini\.m2\repository\io\opentelemetry\opentelemetry-sdk\0.9.1\opentelemetry-sdk-0.9.1.jar;C:\Users\nalini\.m2\repository\io\opentelemetry\opentelemetry-sdk-common\0.9.1\opentelemetry-sdk-common-0.9.1.jar;C:\Users\nalini\.m2\repository\io\opentelemetry\opentelemetry-sdk-baggage\0.9.1\opentelemetry-sdk-baggage-0.9.1.jar;C:\Users\nalini\.m2\repository\io\opentelemetry\opentelemetry-sdk-metrics\0.9.1\opentelemetry-sdk-metrics-0.9.1.jar;C:\Users\nalini\.m2\repository\io\opentelemetry\opentelemetry-sdk-tracing\0.9.1\opentelemetry-sdk-tracing-0.9.1.jar;C:\Users\nalini\.m2\repository\io\projectreactor\netty\reactor-netty-http\1.0.0\reactor-netty-http-1.0.0.jar;C:\Users\nalini\.m2\repository\io\netty\netty-codec-http2\4.1.53.Final\netty-codec-http2-4.1.53.Final.jar;C:\Users\nalini\.m2\repository\io\netty\netty-resolver-dns\4.1.53.Final\netty-resolver-dns-4.1.53.Final.jar;C:\Users\nalini\.m2\repository\io\netty\netty-codec-dns\4.1.53.Final\netty-codec-dns-4.1.53.Final.jar;C:\Users\nalini\.m2\repository\io\projectreactor\netty\reactor-netty-core\1.0.0\reactor-netty-core-1.0.0.jar;C:\Users\nalini\.m2\repository\io\projectreactor\netty\reactor-netty\1.0.0\reactor-netty-1.0.0.jar;C:\Users\nalini\.m2\repository\io\projectreactor\netty\reactor-netty-http-brave\1.0.0\reactor-netty-http-brave-1.0.0.jar;C:\Users\nalini\.m2\repository\io\zipkin\brave\brave-instrumentation-http\5.12.7\brave-instrumentation-http-5.12.7.jar;C:\Users\nalini\.m2\repository\io\zipkin\brave\brave\5.12.7\brave-5.12.7.jar;C:\Users\nalini\.m2\repository\io\zipkin\reporter2\zipkin-reporter-brave\2.15.2\zipkin-reporter-brave-2.15.2.jar;C:\Users\nalini\.m2\repository\io\zipkin\reporter2\zipkin-reporter\2.15.2\zipkin-reporter-2.15.2.jar;C:\Users\nalini\.m2\repository\io\zipkin\zipkin2\zipkin\2.21.7\zipkin-2.21.7.jar;C:\Users\nalini\.m2\repository\io\projectreactor\reactor-core\3.4.0\reactor-core-3.4.0.jar;C:\Users\nalini\.m2\repository\net\bytebuddy\byte-buddy\1.10.18\byte-buddy-1.10.18.jar;C:\Users\nalini\.m2\repository\org\apache\commons\commons-exec\1.3\commons-exec-1.3.jar;C:\Users\nalini\.m2\repository\org\asynchttpclient\async-http-client\2.12.1\async-http-client-2.12.1.jar;C:\Users\nalini\.m2\repository\org\asynchttpclient\async-http-client-netty-utils\2.12.1\async-http-client-netty-utils-2.12.1.jar;C:\Users\nalini\.m2\repository\io\netty\netty-codec-socks\4.1.48.Final\netty-codec-socks-4.1.48.Final.jar;C:\Users\nalini\.m2\repository\io\netty\netty-handler-proxy\4.1.48.Final\netty-handler-proxy-4.1.48.Final.jar;C:\Users\nalini\.m2\repository\org\slf4j\slf4j-api\1.7.30\slf4j-api-1.7.30.jar;C:\Users\nalini\.m2\repository\com\sun\activation\javax.activation\1.2.0\javax.activation-1.2.0.jar;C:\Users\nalini\.m2\repository\org\seleniumhq\selenium\selenium-safari-driver\4.0.0-alpha-7\selenium-safari-driver-4.0.0-alpha-7.jar;C:\Users\nalini\.m2\repository\org\seleniumhq\selenium\selenium-support\4.0.0-alpha-7\selenium-support-4.0.0-alpha-7.jar;C:\Users\nalini\.m2\repository\org\testng\testng\6.8\testng-6.8.jar;C:\Users\nalini\.m2\repository\junit\junit\4.10\junit-4.10.jar;C:\Users\nalini\.m2\repository\org\hamcrest\hamcrest-core\1.1\hamcrest-core-1.1.jar;C:\Users\nalini\.m2\repository\org\beanshell\bsh\2.0b4\bsh-2.0b4.jar;C:\Users\nalini\.m2\repository\com\beust\jcommander\1.27\jcommander-1.27.jar;C:\Users\nalini\.m2\repository\org\yaml\snakeyaml\1.6\snakeyaml-1.6.jar;C:\Users\nalini\.m2\repository\org\apache\poi\poi-ooxml\4.1.2\poi-ooxml-4.1.2.jar;C:\Users\nalini\.m2\repository\org\apache\poi\poi-ooxml-schemas\4.1.2\poi-ooxml-schemas-4.1.2.jar;C:\Users\nalini\.m2\repository\org\apache\xmlbeans\xmlbeans\3.1.0\xmlbeans-3.1.0.jar;C:\Users\nalini\.m2\repository\org\apache\commons\commons-compress\1.19\commons-compress-1.19.jar;C:\Users\nalini\.m2\repository\com\github\virtuald\curvesapi\1.06\curvesapi-1.06.jar;C:\Users\nalini\.m2\repository\org\apache\poi\poi\4.1.2\poi-4.1.2.jar;C:\Users\nalini\.m2\repository\commons-codec\commons-codec\1.13\commons-codec-1.13.jar;C:\Users\nalini\.m2\repository\org\apache\commons\commons-collections4\4.4\commons-collections4-4.4.jar;C:\Users\nalini\.m2\repository\org\apache\commons\commons-math3\3.6.1\commons-math3-3.6.1.jar;C:\Users\nalini\.m2\repository\com\zaxxer\SparseBitSet\1.2\SparseBitSet-1.2.jar;"/>
    <property name="java.vm.vendor" value="Oracle Corporation"/>
    <property name="sun.arch.data.model" value="64"/>
    <property name="user.variant" value=""/>
    <property name="java.vendor.url" value="http://java.oracle.com/"/>
    <property name="user.timezone" value="America/Los_Angeles"/>
    <property name="java.vm.specification.version" value="1.8"/>
    <property name="os.name" value="Windows 10"/>
    <property name="user.country" value="US"/>
    <property name="sun.java.launcher" value="SUN_STANDARD"/>
    <property name="sun.boot.library.path" value="C:\Program Files\Java\jdk1.8.0_191\jre\bin"/>
    <property name="sun.java.command" value="C:\Users\nalini\AppData\Local\Temp\surefire8771644530796076948\surefirebooter3086396539919962756.jar C:\Users\nalini\AppData\Local\Temp\surefire8771644530796076948 2021-02-12T15-33-21_497-jvmRun1 surefire2647947197521649228tmp surefire_05378547742087785647tmp"/>
    <property name="surefire.test.class.path" value="C:\Users\nalini\workspace\FrameworkPractice\target\test-classes;C:\Users\nalini\workspace\FrameworkPractice\target\classes;C:\Users\nalini\.m2\repository\org\seleniumhq\selenium\selenium-java\4.0.0-alpha-7\selenium-java-4.0.0-alpha-7.jar;C:\Users\nalini\.m2\repository\org\seleniumhq\selenium\selenium-api\4.0.0-alpha-7\selenium-api-4.0.0-alpha-7.jar;C:\Users\nalini\.m2\repository\org\seleniumhq\selenium\selenium-chrome-driver\4.0.0-alpha-7\selenium-chrome-driver-4.0.0-alpha-7.jar;C:\Users\nalini\.m2\repository\com\google\auto\service\auto-service-annotations\1.0-rc7\auto-service-annotations-1.0-rc7.jar;C:\Users\nalini\.m2\repository\com\google\auto\service\auto-service\1.0-rc7\auto-service-1.0-rc7.jar;C:\Users\nalini\.m2\repository\com\google\auto\auto-common\0.10\auto-common-0.10.jar;C:\Users\nalini\.m2\repository\com\google\guava\guava\30.0-jre\guava-30.0-jre.jar;C:\Users\nalini\.m2\repository\com\google\guava\failureaccess\1.0.1\failureaccess-1.0.1.jar;C:\Users\nalini\.m2\repository\com\google\guava\listenablefuture\9999.0-empty-to-avoid-conflict-with-guava\listenablefuture-9999.0-empty-to-avoid-conflict-with-guava.jar;C:\Users\nalini\.m2\repository\com\google\code\findbugs\jsr305\3.0.2\jsr305-3.0.2.jar;C:\Users\nalini\.m2\repository\org\checkerframework\checker-qual\3.5.0\checker-qual-3.5.0.jar;C:\Users\nalini\.m2\repository\com\google\errorprone\error_prone_annotations\2.3.4\error_prone_annotations-2.3.4.jar;C:\Users\nalini\.m2\repository\com\google\j2objc\j2objc-annotations\1.3\j2objc-annotations-1.3.jar;C:\Users\nalini\.m2\repository\org\seleniumhq\selenium\selenium-chromium-driver\4.0.0-alpha-7\selenium-chromium-driver-4.0.0-alpha-7.jar;C:\Users\nalini\.m2\repository\org\seleniumhq\selenium\selenium-devtools\4.0.0-alpha-7\selenium-devtools-4.0.0-alpha-7.jar;C:\Users\nalini\.m2\repository\org\seleniumhq\selenium\selenium-http\4.0.0-alpha-7\selenium-http-4.0.0-alpha-7.jar;C:\Users\nalini\.m2\repository\org\seleniumhq\selenium\selenium-json\4.0.0-alpha-7\selenium-json-4.0.0-alpha-7.jar;C:\Users\nalini\.m2\repository\org\seleniumhq\selenium\selenium-devtools-v84\4.0.0-alpha-7\selenium-devtools-v84-4.0.0-alpha-7.jar;C:\Users\nalini\.m2\repository\org\seleniumhq\selenium\selenium-devtools-v85\4.0.0-alpha-7\selenium-devtools-v85-4.0.0-alpha-7.jar;C:\Users\nalini\.m2\repository\org\seleniumhq\selenium\selenium-devtools-v86\4.0.0-alpha-7\selenium-devtools-v86-4.0.0-alpha-7.jar;C:\Users\nalini\.m2\repository\org\seleniumhq\selenium\selenium-devtools-v87\4.0.0-alpha-7\selenium-devtools-v87-4.0.0-alpha-7.jar;C:\Users\nalini\.m2\repository\org\seleniumhq\selenium\selenium-edge-driver\4.0.0-alpha-7\selenium-edge-driver-4.0.0-alpha-7.jar;C:\Users\nalini\.m2\repository\org\seleniumhq\selenium\selenium-edgehtml-driver\4.0.0-alpha-7\selenium-edgehtml-driver-4.0.0-alpha-7.jar;C:\Users\nalini\.m2\repository\org\seleniumhq\selenium\selenium-firefox-driver\4.0.0-alpha-7\selenium-firefox-driver-4.0.0-alpha-7.jar;C:\Users\nalini\.m2\repository\org\seleniumhq\selenium\selenium-firefox-xpi-driver\4.0.0-alpha-7\selenium-firefox-xpi-driver-4.0.0-alpha-7.jar;C:\Users\nalini\.m2\repository\org\seleniumhq\selenium\selenium-ie-driver\4.0.0-alpha-7\selenium-ie-driver-4.0.0-alpha-7.jar;C:\Users\nalini\.m2\repository\org\seleniumhq\selenium\selenium-opera-driver\4.0.0-alpha-7\selenium-opera-driver-4.0.0-alpha-7.jar;C:\Users\nalini\.m2\repository\org\seleniumhq\selenium\selenium-remote-driver\4.0.0-alpha-7\selenium-remote-driver-4.0.0-alpha-7.jar;C:\Users\nalini\.m2\repository\com\typesafe\netty\netty-reactive-streams\2.0.4\netty-reactive-streams-2.0.4.jar;C:\Users\nalini\.m2\repository\io\netty\netty-handler\4.1.43.Final\netty-handler-4.1.43.Final.jar;C:\Users\nalini\.m2\repository\org\reactivestreams\reactive-streams\1.0.3\reactive-streams-1.0.3.jar;C:\Users\nalini\.m2\repository\io\grpc\grpc-context\1.32.1\grpc-context-1.32.1.jar;C:\Users\nalini\.m2\repository\io\netty\netty-buffer\4.1.53.Final\netty-buffer-4.1.53.Final.jar;C:\Users\nalini\.m2\repository\io\netty\netty-codec-http\4.1.53.Final\netty-codec-http-4.1.53.Final.jar;C:\Users\nalini\.m2\repository\io\netty\netty-codec\4.1.53.Final\netty-codec-4.1.53.Final.jar;C:\Users\nalini\.m2\repository\io\netty\netty-common\4.1.53.Final\netty-common-4.1.53.Final.jar;C:\Users\nalini\.m2\repository\io\netty\netty-transport-native-epoll\4.1.53.Final\netty-transport-native-epoll-4.1.53.Final.jar;C:\Users\nalini\.m2\repository\io\netty\netty-transport-native-epoll\4.1.53.Final\netty-transport-native-epoll-4.1.53.Final-linux-x86_64.jar;C:\Users\nalini\.m2\repository\io\netty\netty-transport-native-kqueue\4.1.53.Final\netty-transport-native-kqueue-4.1.53.Final.jar;C:\Users\nalini\.m2\repository\io\netty\netty-transport-native-kqueue\4.1.53.Final\netty-transport-native-kqueue-4.1.53.Final-osx-x86_64.jar;C:\Users\nalini\.m2\repository\io\netty\netty-transport-native-unix-common\4.1.53.Final\netty-transport-native-unix-common-4.1.53.Final.jar;C:\Users\nalini\.m2\repository\io\netty\netty-transport\4.1.53.Final\netty-transport-4.1.53.Final.jar;C:\Users\nalini\.m2\repository\io\netty\netty-resolver\4.1.53.Final\netty-resolver-4.1.53.Final.jar;C:\Users\nalini\.m2\repository\io\opentelemetry\opentelemetry-api\0.9.1\opentelemetry-api-0.9.1.jar;C:\Users\nalini\.m2\repository\io\opentelemetry\opentelemetry-context-prop\0.9.1\opentelemetry-context-prop-0.9.1.jar;C:\Users\nalini\.m2\repository\io\opentelemetry\opentelemetry-sdk\0.9.1\opentelemetry-sdk-0.9.1.jar;C:\Users\nalini\.m2\repository\io\opentelemetry\opentelemetry-sdk-common\0.9.1\opentelemetry-sdk-common-0.9.1.jar;C:\Users\nalini\.m2\repository\io\opentelemetry\opentelemetry-sdk-baggage\0.9.1\opentelemetry-sdk-baggage-0.9.1.jar;C:\Users\nalini\.m2\repository\io\opentelemetry\opentelemetry-sdk-metrics\0.9.1\opentelemetry-sdk-metrics-0.9.1.jar;C:\Users\nalini\.m2\repository\io\opentelemetry\opentelemetry-sdk-tracing\0.9.1\opentelemetry-sdk-tracing-0.9.1.jar;C:\Users\nalini\.m2\repository\io\projectreactor\netty\reactor-netty-http\1.0.0\reactor-netty-http-1.0.0.jar;C:\Users\nalini\.m2\repository\io\netty\netty-codec-http2\4.1.53.Final\netty-codec-http2-4.1.53.Final.jar;C:\Users\nalini\.m2\repository\io\netty\netty-resolver-dns\4.1.53.Final\netty-resolver-dns-4.1.53.Final.jar;C:\Users\nalini\.m2\repository\io\netty\netty-codec-dns\4.1.53.Final\netty-codec-dns-4.1.53.Final.jar;C:\Users\nalini\.m2\repository\io\projectreactor\netty\reactor-netty-core\1.0.0\reactor-netty-core-1.0.0.jar;C:\Users\nalini\.m2\repository\io\projectreactor\netty\reactor-netty\1.0.0\reactor-netty-1.0.0.jar;C:\Users\nalini\.m2\repository\io\projectreactor\netty\reactor-netty-http-brave\1.0.0\reactor-netty-http-brave-1.0.0.jar;C:\Users\nalini\.m2\repository\io\zipkin\brave\brave-instrumentation-http\5.12.7\brave-instrumentation-http-5.12.7.jar;C:\Users\nalini\.m2\repository\io\zipkin\brave\brave\5.12.7\brave-5.12.7.jar;C:\Users\nalini\.m2\repository\io\zipkin\reporter2\zipkin-reporter-brave\2.15.2\zipkin-reporter-brave-2.15.2.jar;C:\Users\nalini\.m2\repository\io\zipkin\reporter2\zipkin-reporter\2.15.2\zipkin-reporter-2.15.2.jar;C:\Users\nalini\.m2\repository\io\zipkin\zipkin2\zipkin\2.21.7\zipkin-2.21.7.jar;C:\Users\nalini\.m2\repository\io\projectreactor\reactor-core\3.4.0\reactor-core-3.4.0.jar;C:\Users\nalini\.m2\repository\net\bytebuddy\byte-buddy\1.10.18\byte-buddy-1.10.18.jar;C:\Users\nalini\.m2\repository\org\apache\commons\commons-exec\1.3\commons-exec-1.3.jar;C:\Users\nalini\.m2\repository\org\asynchttpclient\async-http-client\2.12.1\async-http-client-2.12.1.jar;C:\Users\nalini\.m2\repository\org\asynchttpclient\async-http-client-netty-utils\2.12.1\async-http-client-netty-utils-2.12.1.jar;C:\Users\nalini\.m2\repository\io\netty\netty-codec-socks\4.1.48.Final\netty-codec-socks-4.1.48.Final.jar;C:\Users\nalini\.m2\repository\io\netty\netty-handler-proxy\4.1.48.Final\netty-handler-proxy-4.1.48.Final.jar;C:\Users\nalini\.m2\repository\org\slf4j\slf4j-api\1.7.30\slf4j-api-1.7.30.jar;C:\Users\nalini\.m2\repository\com\sun\activation\javax.activation\1.2.0\javax.activation-1.2.0.jar;C:\Users\nalini\.m2\repository\org\seleniumhq\selenium\selenium-safari-driver\4.0.0-alpha-7\selenium-safari-driver-4.0.0-alpha-7.jar;C:\Users\nalini\.m2\repository\org\seleniumhq\selenium\selenium-support\4.0.0-alpha-7\selenium-support-4.0.0-alpha-7.jar;C:\Users\nalini\.m2\repository\org\testng\testng\6.8\testng-6.8.jar;C:\Users\nalini\.m2\repository\junit\junit\4.10\junit-4.10.jar;C:\Users\nalini\.m2\repository\org\hamcrest\hamcrest-core\1.1\hamcrest-core-1.1.jar;C:\Users\nalini\.m2\repository\org\beanshell\bsh\2.0b4\bsh-2.0b4.jar;C:\Users\nalini\.m2\repository\com\beust\jcommander\1.27\jcommander-1.27.jar;C:\Users\nalini\.m2\repository\org\yaml\snakeyaml\1.6\snakeyaml-1.6.jar;C:\Users\nalini\.m2\repository\org\apache\poi\poi-ooxml\4.1.2\poi-ooxml-4.1.2.jar;C:\Users\nalini\.m2\repository\org\apache\poi\poi-ooxml-schemas\4.1.2\poi-ooxml-schemas-4.1.2.jar;C:\Users\nalini\.m2\repository\org\apache\xmlbeans\xmlbeans\3.1.0\xmlbeans-3.1.0.jar;C:\Users\nalini\.m2\repository\org\apache\commons\commons-compress\1.19\commons-compress-1.19.jar;C:\Users\nalini\.m2\repository\com\github\virtuald\curvesapi\1.06\curvesapi-1.06.jar;C:\Users\nalini\.m2\repository\org\apache\poi\poi\4.1.2\poi-4.1.2.jar;C:\Users\nalini\.m2\repository\commons-codec\commons-codec\1.13\commons-codec-1.13.jar;C:\Users\nalini\.m2\repository\org\apache\commons\commons-collections4\4.4\commons-collections4-4.4.jar;C:\Users\nalini\.m2\repository\org\apache\commons\commons-math3\3.6.1\commons-math3-3.6.1.jar;C:\Users\nalini\.m2\repository\com\zaxxer\SparseBitSet\1.2\SparseBitSet-1.2.jar;"/>
    <property name="sun.cpu.endian" value="little"/>
    <property name="user.home" value="C:\Users\nalini"/>
    <property name="user.language" value="en"/>
    <property name="java.specification.vendor" value="Oracle Corporation"/>
    <property name="java.home" value="C:\Program Files\Java\jdk1.8.0_191\jre"/>
    <property name="basedir" value="C:\Users\nalini\workspace\FrameworkPractice"/>
    <property name="file.separator" value="\"/>
    <property name="line.separator" value="&#10;"/>
    <property name="java.vm.specification.vendor" value="Oracle Corporation"/>
    <property name="java.specification.name" value="Java Platform API Specification"/>
    <property name="java.awt.graphicsenv" value="sun.awt.Win32GraphicsEnvironment"/>
    <property name="surefire.real.class.path" value="C:\Users\nalini\AppData\Local\Temp\surefire8771644530796076948\surefirebooter3086396539919962756.jar"/>
    <property name="sun.boot.class.path" value="C:\Program Files\Java\jdk1.8.0_191\jre\lib\resources.jar;C:\Program Files\Java\jdk1.8.0_191\jre\lib\rt.jar;C:\Program Files\Java\jdk1.8.0_191\jre\lib\sunrsasign.jar;C:\Program Files\Java\jdk1.8.0_191\jre\lib\jsse.jar;C:\Program Files\Java\jdk1.8.0_191\jre\lib\jce.jar;C:\Program Files\Java\jdk1.8.0_191\jre\lib\charsets.jar;C:\Program Files\Java\jdk1.8.0_191\jre\lib\jfr.jar;C:\Program Files\Java\jdk1.8.0_191\jre\classes"/>
    <property name="user.script" value=""/>
    <property name="sun.management.compiler" value="HotSpot 64-Bit Tiered Compilers"/>
    <property name="java.runtime.version" value="1.8.0_191-b12"/>
    <property name="user.name" value="nalini"/>
    <property name="path.separator" value=";"/>
    <property name="os.version" value="10.0"/>
    <property name="java.endorsed.dirs" value="C:\Program Files\Java\jdk1.8.0_191\jre\lib\endorsed"/>
    <property name="java.runtime.name" value="Java(TM) SE Runtime Environment"/>
    <property name="file.encoding" value="Cp1252"/>
    <property name="browser" value="chrome"/>
    <property name="sun.nio.ch.bugLevel" value=""/>
    <property name="java.vm.name" value="Java HotSpot(TM) 64-Bit Server VM"/>
    <property name="localRepository" value="C:\Users\nalini\.m2\repository"/>
    <property name="java.vendor.url.bug" value="http://bugreport.sun.com/bugreport/"/>
    <property name="java.io.tmpdir" value="C:\Users\nalini\AppData\Local\Temp\"/>
    <property name="java.version" value="1.8.0_191"/>
    <property name="user.dir" value="C:\Users\nalini\workspace\FrameworkPractice"/>
    <property name="os.arch" value="amd64"/>
    <property name="java.vm.specification.name" value="Java Virtual Machine Specification"/>
    <property name="java.awt.printerjob" value="sun.awt.windows.WPrinterJob"/>
    <property name="sun.os.patch.level" value=""/>
    <property name="java.library.path" value="C:\Program Files\Java\jdk1.8.0_191\jre\bin;C:\WINDOWS\Sun\Java\bin;C:\WINDOWS\system32;C:\WINDOWS;C:\Program Files\Java\jdk1.8.0_191;C:\ProgramData\Oracle\Java\javapath;C:\WINDOWS\system32;C:\WINDOWS;C:\WINDOWS\System32\Wbem;&quot;C:\WINDOWS\System32\WindowsPowerShell\v1.0\;C:\Program Files\Java\jdk1.8.0_191\bin&quot;;C:\WINDOWS\System32\OpenSSH\;C:\WINDOWS\System32\WindowsPowerShell\v1.0\;C:\Users\nalini\Downloads\apache-maven-3.6.3-bin.zip\apache-maven-3.6.3\bin;C:\Users\nalini\Downloads\apache-maven-3.6.3-bin\apache-maven-3.6.3\bin;C:\Users\nalini\AppData\Local\Microsoft\WindowsApps;;."/>
    <property name="java.vm.info" value="mixed mode"/>
    <property name="java.vendor" value="Oracle Corporation"/>
    <property name="java.vm.version" value="25.191-b12"/>
    <property name="java.ext.dirs" value="C:\Program Files\Java\jdk1.8.0_191\jre\lib\ext;C:\WINDOWS\Sun\Java\lib\ext"/>
    <property name="sun.io.unicode.encoding" value="UnicodeLittle"/>
    <property name="java.class.version" value="52.0"/>
  </properties>
  <testcase name="PageNavigation[nalini@123, Refund](1)" classname="Academy.FrameworkPractice.UITestCases" time="51.365">
    <failure message="no such element: Unable to locate element: {&quot;method&quot;:&quot;css selector&quot;,&quot;selector&quot;:&quot;input#helpsearch&quot;}&#10;  (Session info: chrome=87.0.4280.88)&#10;  (Driver info: chromedriver=2.37.543627 (63642262d9fb93fb4ab52398be4286d844092a5e),platform=Windows NT 10.0.18362 x86_64) (WARNING: The server did not provide any stacktrace information)&#10;Command duration or timeout: 0 milliseconds&#10;For documentation on this error, please visit: https://selenium.dev/exceptions/#no_such_element&#10;Build info: version: &apos;4.0.0-alpha-7&apos;, revision: &apos;de8579b6d5&apos;&#10;System info: host: &apos;DESKTOP-4BB1CT5&apos;, ip: &apos;192.168.254.17&apos;, os.name: &apos;Windows 10&apos;, os.arch: &apos;amd64&apos;, os.version: &apos;10.0&apos;, java.version: &apos;1.8.0_191&apos;&#10;Driver info: org.openqa.selenium.chrome.ChromeDriver&#10;Capabilities {acceptInsecureCerts: false, acceptSslCerts: false, applicationCacheEnabled: false, browserConnectionEnabled: false, browserName: chrome, chrome: {chromedriverVersion: 2.37.543627 (63642262d9fb93..., userDataDir: C:\Users\nalini\AppData\Loc...}, cssSelectorsEnabled: true, databaseEnabled: false, handlesAlerts: true, hasTouchScreen: false, javascriptEnabled: true, locationContextEnabled: true, mobileEmulationEnabled: false, nativeEvents: true, networkConnectionEnabled: false, pageLoadStrategy: normal, platform: XP, platformName: XP, rotatable: false, setWindowRect: true, takesHeapSnapshot: true, takesScreenshot: true, unexpectedAlertBehaviour: , unhandledPromptBehavior: , version: 87.0.4280.88, webStorageEnabled: true}&#10;Session ID: 3dac2d6702eac72e7b710f2033806a1a&#10;*** Element info: {Using=css selector, value=input#helpsearch}" type="org.openqa.selenium.NoSuchElementException"><![CDATA[org.openqa.selenium.NoSuchElementException: 
no such element: Unable to locate element: {"method":"css selector","selector":"input#helpsearch"}
  (Session info: chrome=87.0.4280.88)
  (Driver info: chromedriver=2.37.543627 (63642262d9fb93fb4ab52398be4286d844092a5e),platform=Windows NT 10.0.18362 x86_64) (WARNING: The server did not provide any stacktrace information)
Command duration or timeout: 0 milliseconds
For documentation on this error, please visit: https://selenium.dev/exceptions/#no_such_element
Build info: version: '4.0.0-alpha-7', revision: 'de8579b6d5'
System info: host: 'DESKTOP-4BB1CT5', ip: '192.168.254.17', os.name: 'Windows 10', os.arch: 'amd64', os.version: '10.0', java.version: '1.8.0_191'
Driver info: org.openqa.selenium.chrome.ChromeDriver
Capabilities {acceptInsecureCerts: false, acceptSslCerts: false, applicationCacheEnabled: false, browserConnectionEnabled: false, browserName: chrome, chrome: {chromedriverVersion: 2.37.543627 (63642262d9fb93..., userDataDir: C:\Users\nalini\AppData\Loc...}, cssSelectorsEnabled: true, databaseEnabled: false, handlesAlerts: true, hasTouchScreen: false, javascriptEnabled: true, locationContextEnabled: true, mobileEmulationEnabled: false, nativeEvents: true, networkConnectionEnabled: false, pageLoadStrategy: normal, platform: XP, platformName: XP, rotatable: false, setWindowRect: true, takesHeapSnapshot: true, takesScreenshot: true, unexpectedAlertBehaviour: , unhandledPromptBehavior: , version: 87.0.4280.88, webStorageEnabled: true}
Session ID: 3dac2d6702eac72e7b710f2033806a1a
*** Element info: {Using=css selector, value=input#helpsearch}
	at Academy.FrameworkPractice.UITestCases.PageNavigation(UITestCases.java:39)
]]></failure>
    <system-out><![CDATA[chrome
chrome
]]></system-out>
    <system-err><![CDATA[SLF4J: Failed to load class "org.slf4j.impl.StaticLoggerBinder".
SLF4J: Defaulting to no-operation (NOP) logger implementation
SLF4J: See http://www.slf4j.org/codes.html#StaticLoggerBinder for further details.
Starting ChromeDriver 2.37.543627 (63642262d9fb93fb4ab52398be4286d844092a5e) on port 13118
Only local connections are allowed.
Feb 12, 2021 3:33:41 PM org.openqa.selenium.remote.ProtocolHandshake createSession
INFO: Detected dialect: OSS
Feb 12, 2021 3:33:42 PM org.openqa.selenium.devtools.CdpVersionFinder findNearestMatch
WARNING: Unable to find an exact match for CDP version 87, so returning the closest version found: 86
Feb 12, 2021 3:33:42 PM org.openqa.selenium.devtools.CdpVersionFinder findNearestMatch
INFO: Found CDP implementation for version 87 of 86
Starting ChromeDriver 2.37.543627 (63642262d9fb93fb4ab52398be4286d844092a5e) on port 13304
Only local connections are allowed.
Feb 12, 2021 3:33:57 PM org.openqa.selenium.remote.ProtocolHandshake createSession
INFO: Detected dialect: OSS
Feb 12, 2021 3:33:57 PM org.openqa.selenium.devtools.CdpVersionFinder findNearestMatch
WARNING: Unable to find an exact match for CDP version 87, so returning the closest version found: 86
Feb 12, 2021 3:33:57 PM org.openqa.selenium.devtools.CdpVersionFinder findNearestMatch
INFO: Found CDP implementation for version 87 of 86
]]></system-err>
  </testcase>
  <testcase name="ValidateText" classname="Academy.FrameworkPractice.ValidateAssertion" time="0.086">
    <failure message="expected:&lt;[Valentine&apos;s Day Gift Shop]&gt; but was:&lt;[Shop Black-owned businesses]&gt;" type="junit.framework.ComparisonFailure"><![CDATA[junit.framework.ComparisonFailure: expected:<[Valentine's Day Gift Shop]> but was:<[Shop Black-owned businesses]>
	at Academy.FrameworkPractice.ValidateAssertion.ValidateText(ValidateAssertion.java:28)
]]></failure>
  </testcase>
  <testcase name="ValidateTextField" classname="Academy.FrameworkPractice.ValidateAssertion" time="0.05"/>
</testsuite>